mode: set
github.com/bad33ndj3/headphone-disconnect/pkg/system_profiler/device.go:17.34,19.2 1 1
github.com/bad33ndj3/headphone-disconnect/pkg/system_profiler/device.go:21.37,23.2 1 0
github.com/bad33ndj3/headphone-disconnect/pkg/system_profiler/device.go:25.39,27.2 1 0
github.com/bad33ndj3/headphone-disconnect/pkg/system_profiler/device.go:29.37,31.2 1 0
github.com/bad33ndj3/headphone-disconnect/pkg/system_profiler/system_profiler.go:16.56,19.2 2 0
github.com/bad33ndj3/headphone-disconnect/pkg/system_profiler/system_profiler.go:21.69,34.29 9 1
github.com/bad33ndj3/headphone-disconnect/pkg/system_profiler/system_profiler.go:58.2,58.20 1 1
github.com/bad33ndj3/headphone-disconnect/pkg/system_profiler/system_profiler.go:62.2,62.38 1 1
github.com/bad33ndj3/headphone-disconnect/pkg/system_profiler/system_profiler.go:34.29,38.42 2 1
github.com/bad33ndj3/headphone-disconnect/pkg/system_profiler/system_profiler.go:42.3,42.62 1 1
github.com/bad33ndj3/headphone-disconnect/pkg/system_profiler/system_profiler.go:38.42,40.4 1 1
github.com/bad33ndj3/headphone-disconnect/pkg/system_profiler/system_profiler.go:42.62,44.34 1 1
github.com/bad33ndj3/headphone-disconnect/pkg/system_profiler/system_profiler.go:49.4,49.66 1 1
github.com/bad33ndj3/headphone-disconnect/pkg/system_profiler/system_profiler.go:44.34,46.5 1 1
github.com/bad33ndj3/headphone-disconnect/pkg/system_profiler/system_profiler.go:50.9,50.78 1 1
github.com/bad33ndj3/headphone-disconnect/pkg/system_profiler/system_profiler.go:50.78,52.4 1 1
github.com/bad33ndj3/headphone-disconnect/pkg/system_profiler/system_profiler.go:52.9,52.84 1 1
github.com/bad33ndj3/headphone-disconnect/pkg/system_profiler/system_profiler.go:52.84,54.4 1 1
github.com/bad33ndj3/headphone-disconnect/pkg/system_profiler/system_profiler.go:58.20,60.3 1 1
github.com/bad33ndj3/headphone-disconnect/pkg/system_profiler/system_profiler.go:66.80,68.28 2 1
github.com/bad33ndj3/headphone-disconnect/pkg/system_profiler/system_profiler.go:74.2,74.15 1 1
github.com/bad33ndj3/headphone-disconnect/pkg/system_profiler/system_profiler.go:68.28,69.61 1 1
github.com/bad33ndj3/headphone-disconnect/pkg/system_profiler/system_profiler.go:69.61,71.4 1 1
github.com/bad33ndj3/headphone-disconnect/pkg/system_profiler/system_profiler.go:77.49,82.16 5 0
github.com/bad33ndj3/headphone-disconnect/pkg/system_profiler/system_profiler.go:85.2,85.21 1 0
github.com/bad33ndj3/headphone-disconnect/pkg/system_profiler/system_profiler.go:82.16,84.3 1 0
